----------------------------------------------------------
google drive : sync
directory    : /media/ashok/My_Drive/Ashok/Google_Drive_1
time         : Mon May  2 02:00:01 CDT 2016
status       : started
status 	   : completed
time         : Mon May  2 02:05:12 CDT 2016
-----------------------------------------------------------
----------------------------------------------------------
google drive : sync
directory    : /media/ashok/My_Drive/Ashok/Google_Drive_1
time         : Wed May  4 02:00:01 CDT 2016
status       : started
status 	     : completed
time         : Wed May  4 02:07:43 CDT 2016
-----------------------------------------------------------
----------------------------------------------------------
google drive : sync
directory    : /media/ashok/My_Drive/Ashok/Google_Drive_1
time         : Thu May  5 02:00:01 CDT 2016
status       : started
status 	     : completed
time         : Thu May  5 02:05:27 CDT 2016
-----------------------------------------------------------
----------------------------------------------------------
google drive : sync
directory    : /media/ashok/My_Drive/Ashok/Google_Drive_1
time         : Sun May  8 02:00:01 CDT 2016
status       : started
status 	     : completed
time         : Sun May  8 02:05:12 CDT 2016
-----------------------------------------------------------
----------------------------------------------------------
google drive : sync
directory    : /media/ashok/My_Drive/Ashok/Google_Drive_1
time         : Tue May 10 02:00:01 CDT 2016
status       : started
status 	     : completed
time         : Tue May 10 02:04:55 CDT 2016
-----------------------------------------------------------
----------------------------------------------------------
google drive : sync
directory    : /media/ashok/My_Drive/Ashok/Google_Drive_1
time         : Wed May 11 02:00:01 CDT 2016
status       : started
status 	     : completed
time         : Wed May 11 02:07:49 CDT 2016
-----------------------------------------------------------
----------------------------------------------------------
google drive : sync
directory    : /media/ashok/My_Drive/Ashok/Google_Drive_1
time         : Fri May 13 02:00:01 CDT 2016
status       : started
status 	     : completed
time         : Fri May 13 02:04:55 CDT 2016
-----------------------------------------------------------
----------------------------------------------------------
google drive : sync
directory    : /media/ashok/My_Drive/Ashok/Google_Drive_1
time         : Sun May 15 02:00:01 CDT 2016
status       : started
status 	     : completed
time         : Sun May 15 02:06:30 CDT 2016
-----------------------------------------------------------
----------------------------------------------------------
google drive : sync
directory    : /media/ashok/My_Drive/Ashok/Google_Drive_1
time         : Tue May 17 02:00:01 IST 2016
status       : started
status 	     : completed
time         : Tue May 17 02:07:46 IST 2016
-----------------------------------------------------------
----------------------------------------------------------
google drive : sync
directory    : /media/ashok/My_Drive/Ashok/Google_Drive_1
time         : Fri May 20 02:00:01 IST 2016
status       : started
status 	     : completed
time         : Fri May 20 02:11:08 IST 2016
-----------------------------------------------------------
